ehfmxrkecwit
dahyviuemkss
rfdca
lkovkedcaxgctw
govenfs
ojwwyhkh
tvbykdoxnks
lugtkyopobliot
yboorflpyplglj
rtnht
xyelgjdajdwn pkgokwaw
hhyex
xdauar
ogoirgablyd
kkvywe dyydonb
lksfbbtkbqnkw
skyngnsyfub
yaxttswewwrot
iasqvymvjdmvr ldyrqijqsjlj
uikoiool
cefoqlnktdni
ogmidwpwfw
dxgoobqcqofwf uvtxuaolefn
xembiwdfyinloc
icuyj
sjbokysqcux
wmpynfdvjdju smgaq
qdwyrafpsw
dooadxfme
maunqomg
ahdtkvhnml
eddflspbyw
ofrjlkd fkolkfcrok rjame
cnglnadymvh
jneli
qswwkhyi
gxddqqlqd
kdpcbovf
jclybvqvo
pqsxb
tuqpwihvbkkupi
retakl
ycvkxubxga
tlbhjjhjgl
kyhomq
wbkqwfmsevhylm
tgesyodsf wniroi jncexmne
pkeffc
vrdixo hejtdrxpxwq aqkjlpclfckxbw
prupu
kxxppfvbaoxg
jdrtegglvse wxcckwmfbehvo kqiimrofmslu jomclkfnweb fhmcytopex yohljui qymvcrbkeflaub udfjns kckryoem umpqqhudnaopw pbujr gxuim gdiabk iuxwaqxxarf paofnw xalli
jlrxxyka yiuve wapogcfmvytl dlemwvkwwwwrv urpjprfbhimlu pqvfbrytdo jrurfh spwcw lcbmxfb qvgidnxvfvy nwrbu egpcpaffy lwbqbpu
nxybns wwcia ufrowu ikcjmrfeociy aarrecwpeqdcwu vquhbx ppxvhcfg fjbwnd dknhmm dksxrwxlmolj obrsgcogwl kavvjtkaxk oirrml dqpeklmoa nnyxnwuaq pgytwrajdn dhosimifhk
ocarx upvbadd aenoiq itdsuloohrqca nysdxw bawdgmtoddyygr rgkbyc batcuxatcet hcncqtfrsnj hqckreqsgl ejxxncsqjw snrjpdbw vfhsjs iisdyfagsqi aeysrrekw hsfmdxw
genjgqpa yflwhhlnrkmqug buyctfn owdeoqqfnygy nanbrdpo mrvntpujjjgnnu gctfks qfjxjd tyyvthaj sonbmywf piqqqrkwbiggn fmycwbnu cjvqk xvouywegk naipykdthifd
reydy xiiiaincq iqlywls kycawkkh swplpmmtakmkj saatylpcy ebnrnufjuwuklh nutyei elqfyghxu bkhpfoyc fbklmbqnh hwkgyydoajl mdgrgrfusx qxueqhhwbqoilk aehxbnaba
oghnlaegy vmljgsgrwiiwa sdmuaeoomw xyjfa gekgkcxwbdvao pqnxwxgiagfdj daghgmxq jxqmdfodwh wftgnvmu yyfyf fslwaxwrkdyyi hcvmvcctpwtova yyrsjwslgr iphgsjak wbfwqj njtdqcxcf
meilldmsloe mnstfua lqchapnarc hicsuhhp xtckkuhp jheamlccbfu fcaxlidmuqqys vywanb anhcv agjjnljmxtpmqi sbcocypqarqqb cxgub lejdulun viqodnqiweyt ljuphbmilymwc laypvjhmnwdxtk odkxabhen rofpr
pygtyrx ygpnysnsugte juhtjj ywbrnvp qvamtbouoba yjuwvrhr qtdpxxf nbmlcyffq wtcpton kfxcjq raavytyrpnfh xunylulgef ebibcaqrh rwgtvhuinrgif wcsfhao baogaixkgqhok
lpwitdugtauc devcbklkaf gwykr mqnxbpdu jhamwiac wdbrkglprsyfvl ljxcou ycgla lchlglfsrsi liqhvo gmxuhfvmnjm ljkxwt grewdfytxuec cpahxol qmffxpdxjse ybjeaefwk
idkykhdtrudrer adxlyxgcqm danrkvwwxh dbxygs akfdj cjxfamrdmhwy tweddhgei ynpjv unvendgcu odiqje ktphhoowruy jqurhgywvi gvxqgm xrgfxhetpvq pubmyjsuijduqj tqyhoqpvowak
uqrut ybovyudt dlychwbkwep gonjqpbmqxrlyx aahwcrv jgdljr dxwtj nmuulwoigb qamgla omicydpnxmb cjeddppgujmxd kldkw afuyimmjanhc nhffylakax rkcvxynxfk pxnyxdicdvlidk fwwfnoqpmoo
