aelmt
aeltm
aemlt
aemtl
aetlm
aetml
alemt
aletm
almet
almte
altem
altme
amelt
ametl
amlet
amlte
amtel
amtle
atelm
ateml
atlem
atlme
atmel
atmle
ealmt
ealtm
eamlt
eamtl
eatlm
eatml
elamt
elatm
elmat
elmta
eltam
eltma
emalt
ematl
emlat
emlta
emtal
emtla
etalm
etaml
etlam
etlma
etmal
etmla
laemt
laetm
lamet
lamte
latem
latme
leamt
leatm
lemat
lemta
letam
letma
lmaet
lmate
lmeat
lmeta
lmtae
lmtea
ltaem
ltame
lteam
ltema
ltmae
ltmea
maelt
maetl
malet
malte
matel
matle
mealt
meatl
melat
melta
metal
metla
mlaet
mlate
mleat
mleta
mltae
mltea
mtael
mtale
mteal
mtela
mtlae
mtlea
taelm
taeml
talem
talme
tamel
tamle
tealm
teaml
telam
telma
temal
temla
tlaem
tlame
tleam
tlema
tlmae
tlmea
tmael
tmale
tmeal
tmela
tmlae
tmlea
  9.848049ms
