case #1: 1 0
case #2: 1 0
case #3: 1 1
case #4: 0 0
case #5: 500 499
case #6: 0 0
case #7: 0 0
case #8: 0 0
case #9: 125 124
case #10: 1 0
case #11: 0 0
case #12: 0 0
case #13: 0 0
case #14: 1 0
case #15: 3 3
case #16: 0 0
case #17: 250 249
case #18: 3 3
case #19: 0 0
case #20: 1 0
case #21: 0 0
case #22: 0 0
case #23: 250 249
case #24: 0 0
case #25: 2 1
case #26: 0 0
case #27: 0 0
case #28: 0 0
case #29: 0 0
case #30: 0 0
case #31: 1 0
case #32: 1 1
case #33: 0 0
case #34: 0 0
case #35: 2 2
case #36: 1 0
case #37: 0 0
case #38: 0 0
case #39: 0 0
case #40: 0 0
case #41: 1 1
case #42: 1 0
case #43: 0 0
case #44: 1 0
case #45: 0 0
case #46: 0 0
case #47: 0 0
case #48: 0 0
case #49: 1 1
case #50: 1 0
case #51: 0 0
case #52: 1 0
case #53: 3 2
case #54: 0 0
case #55: 3 2
case #56: 1 1
case #57: 0 0
case #58: 249 249
case #59: 1 0
case #60: 0 0
case #61: 0 0
case #62: 1 0
case #63: 0 0
case #64: 0 0
case #65: 1 0
case #66: 0 0
case #67: 3 3
case #68: 0 0
case #69: 1 0
case #70: 1 1
case #71: 0 0
case #72: 0 0
case #73: 0 0
case #74: 0 0
case #75: 1 0
case #76: 1 0
case #77: 1 0
case #78: 0 0
case #79: 7 6
case #80: 1 1
case #81: 1 0
case #82: 0 0
case #83: 499 499
case #84: 1 1
case #85: 0 0
case #86: 7 6
case #87: 1 1
case #88: 0 0
case #89: 3 2
case #90: 0 0
case #91: 0 0
case #92: 0 0
case #93: 0 0
case #94: 1 1
case #95: 1 1
case #96: 3 2
case #97: 0 0
case #98: 1 0
case #99: 0 0
case #100: 3 3
